<?xml version="1.0" encoding="UTF-8"?>
<!-- Generated by org.testng.reporters.JUnitXMLReporter -->
<testsuite ignored="0" hostname="DESKTOP-LARUOSJ" failures="0" tests="5" name="Default test" time="45.01" errors="0" timestamp="2025-04-06T10:28:27 NPT">
  <testcase classname="QR.QrGeneration" name="QrGenerationWithAnotherValidParam" time="16.319"/>
  <testcase classname="QR.QrGeneration" name="QrGenerationWithDecimalParam" time="14.212"/>
  <testcase classname="QR.QrGeneration" name="QrGenerationWithEmptyParam" time="0.065"/>
  <testcase classname="QR.QrGeneration" name="QrGenerationWithInvalidToken" time="0.052"/>
  <testcase classname="QR.QrGeneration" name="QrGenerationWithValidParam" time="14.267"/>
</testsuite> <!-- Default test -->
