<?xml version="1.0" encoding="UTF-8"?>
<!-- Generated by org.testng.reporters.JUnitXMLReporter -->
<testsuite ignored="0" hostname="DESKTOP-LARUOSJ" failures="0" tests="3" name="Default test" time="39.172" errors="0" timestamp="2025-04-04T15:44:08 NPT">
  <testcase classname="QR.QrGeneration" name="QrGenerationWithAnotherValidParam" time="18.232"/>
  <testcase classname="QR.QrGeneration" name="QrGenerationWithInvalidToken" time="6.091"/>
  <testcase classname="QR.QrGeneration" name="QrGenerationWithValidParam" time="14.774"/>
</testsuite> <!-- Default test -->
