<?xml version="1.0" encoding="UTF-8"?>
<!-- Generated by org.testng.reporters.JUnitXMLReporter -->
<testsuite ignored="0" hostname="DESKTOP-LARUOSJ" failures="0" tests="3" name="Test" time="30.814" errors="0" timestamp="2025-04-04T16:31:37 NPT">
  <testcase classname="QR.QrGeneration" name="QrGenerationWithAnotherValidParam" time="16.222"/>
  <testcase classname="QR.QrGeneration" name="QrGenerationWithInvalidToken" time="0.067"/>
  <testcase classname="QR.QrGeneration" name="QrGenerationWithValidParam" time="14.477"/>
</testsuite> <!-- Test -->
