<?xml version="1.0" encoding="UTF-8"?>
<testng-results ignored="0" total="3" passed="3" failed="0" skipped="0">
  <reporter-output>
  </reporter-output>
  <suite started-at="2025-04-04T15:43:29 NPT" name="Default suite" finished-at="2025-04-04T15:44:08 NPT" duration-ms="39172">
    <groups>
    </groups>
    <test started-at="2025-04-04T15:43:29 NPT" name="Default test" finished-at="2025-04-04T15:44:08 NPT" duration-ms="39172">
      <class name="QR.QrGeneration">
        <test-method signature="QrGenerationWithAnotherValidParam()[pri:0, instance:QR.QrGeneration@2794eab6]" started-at="2025-04-04T15:43:29 NPT" name="QrGenerationWithAnotherValidParam" finished-at="2025-04-04T15:43:47 NPT" duration-ms="18232" status="PASS">
          <reporter-output>
          </reporter-output>
        </test-method> <!-- QrGenerationWithAnotherValidParam -->
        <test-method signature="QrGenerationWithInvalidToken()[pri:0, instance:QR.QrGeneration@2794eab6]" started-at="2025-04-04T15:43:47 NPT" name="QrGenerationWithInvalidToken" finished-at="2025-04-04T15:43:53 NPT" duration-ms="6091" status="PASS">
          <reporter-output>
          </reporter-output>
        </test-method> <!-- QrGenerationWithInvalidToken -->
        <test-method signature="QrGenerationWithValidParam()[pri:0, instance:QR.QrGeneration@2794eab6]" started-at="2025-04-04T15:43:53 NPT" name="QrGenerationWithValidParam" finished-at="2025-04-04T15:44:08 NPT" duration-ms="14774" status="PASS">
          <reporter-output>
          </reporter-output>
        </test-method> <!-- QrGenerationWithValidParam -->
      </class> <!-- QR.QrGeneration -->
    </test> <!-- Default test -->
  </suite> <!-- Default suite -->
</testng-results>
