<?xml version="1.0" encoding="UTF-8"?>
<testng-results ignored="0" total="5" passed="5" failed="0" skipped="0">
  <reporter-output>
  </reporter-output>
  <suite started-at="2025-04-06T10:27:42 NPT" name="Default suite" finished-at="2025-04-06T10:28:27 NPT" duration-ms="45010">
    <groups>
    </groups>
    <test started-at="2025-04-06T10:27:42 NPT" name="Default test" finished-at="2025-04-06T10:28:27 NPT" duration-ms="45010">
      <class name="QR.QrGeneration">
        <test-method signature="QrGenerationWithAnotherValidParam()[pri:0, instance:QR.QrGeneration@45099dd3]" started-at="2025-04-06T10:27:43 NPT" name="QrGenerationWithAnotherValidParam" finished-at="2025-04-06T10:27:59 NPT" duration-ms="16319" status="PASS">
          <reporter-output>
          </reporter-output>
        </test-method> <!-- QrGenerationWithAnotherValidParam -->
        <test-method signature="QrGenerationWithDecimalParam()[pri:0, instance:QR.QrGeneration@45099dd3]" started-at="2025-04-06T10:27:59 NPT" name="QrGenerationWithDecimalParam" finished-at="2025-04-06T10:28:13 NPT" duration-ms="14212" status="PASS">
          <reporter-output>
          </reporter-output>
        </test-method> <!-- QrGenerationWithDecimalParam -->
        <test-method signature="QrGenerationWithEmptyParam()[pri:0, instance:QR.QrGeneration@45099dd3]" started-at="2025-04-06T10:28:13 NPT" name="QrGenerationWithEmptyParam" finished-at="2025-04-06T10:28:13 NPT" duration-ms="65" status="PASS">
          <reporter-output>
          </reporter-output>
        </test-method> <!-- QrGenerationWithEmptyParam -->
        <test-method signature="QrGenerationWithInvalidToken()[pri:0, instance:QR.QrGeneration@45099dd3]" started-at="2025-04-06T10:28:13 NPT" name="QrGenerationWithInvalidToken" finished-at="2025-04-06T10:28:13 NPT" duration-ms="52" status="PASS">
          <reporter-output>
          </reporter-output>
        </test-method> <!-- QrGenerationWithInvalidToken -->
        <test-method signature="QrGenerationWithValidParam()[pri:0, instance:QR.QrGeneration@45099dd3]" started-at="2025-04-06T10:28:13 NPT" name="QrGenerationWithValidParam" finished-at="2025-04-06T10:28:27 NPT" duration-ms="14267" status="PASS">
          <reporter-output>
          </reporter-output>
        </test-method> <!-- QrGenerationWithValidParam -->
      </class> <!-- QR.QrGeneration -->
    </test> <!-- Default test -->
  </suite> <!-- Default suite -->
</testng-results>
